SF:lib\common\analytics_helper.dart
DA:7,19
DA:9,3
DA:13,7
DA:16,14
DA:18,6
DA:21,3
DA:26,3
LF:7
LH:7
end_of_record
SF:lib\common\analytics_service.dart
DA:36,1
DA:38,1
DA:46,4
DA:50,2
DA:51,4
DA:54,1
DA:58,2
DA:60,1
DA:62,2
DA:67,2
DA:68,4
DA:70,2
DA:74,2
DA:75,4
DA:77,2
DA:81,3
DA:85,6
DA:87,3
DA:94,3
DA:98,6
DA:100,3
LF:21
LH:21
end_of_record
SF:lib\common\constants.dart
DA:25,21
DA:30,39
DA:35,18
DA:40,39
DA:47,0
DA:48,0
DA:49,0
DA:50,0
DA:51,0
DA:52,0
DA:53,0
DA:54,0
DA:55,0
LF:13
LH:4
end_of_record
SF:lib\presentation\widgets\cinematic_widgets.dart
DA:14,1
DA:19,1
DA:21,1
DA:23,1
DA:24,1
DA:25,1
DA:26,1
DA:27,1
DA:28,1
DA:33,1
DA:34,1
DA:35,1
DA:38,1
DA:50,13
DA:55,13
DA:57,13
DA:58,13
DA:59,13
DA:60,13
DA:61,13
DA:63,13
DA:64,13
DA:65,13
DA:66,13
DA:68,13
DA:70,13
DA:73,13
DA:74,13
DA:75,26
DA:87,13
DA:100,13
DA:102,13
DA:103,26
DA:104,13
DA:105,13
DA:108,13
DA:109,13
DA:117,6
DA:130,7
DA:132,7
DA:133,14
DA:134,7
DA:135,7
DA:138,7
DA:139,7
DA:147,0
DA:151,8
DA:153,8
DA:155,8
DA:156,8
DA:180,1
DA:184,8
DA:186,8
DA:187,8
DA:188,8
DA:189,8
DA:190,8
DA:201,4
DA:212,5
DA:214,5
DA:215,5
DA:217,10
DA:218,15
DA:219,10
DA:220,10
DA:228,5
DA:230,5
DA:231,5
DA:232,5
DA:233,5
DA:234,5
DA:235,5
DA:238,5
DA:239,3
DA:240,3
DA:241,3
DA:246,3
DA:248,5
DA:249,5
DA:253,5
DA:255,5
DA:256,5
DA:257,5
DA:261,5
DA:275,3
DA:280,4
DA:282,4
DA:284,8
DA:286,3
DA:290,4
DA:291,4
DA:296,7
DA:305,7
DA:307,7
DA:310,7
DA:311,7
DA:312,14
DA:313,14
DA:320,2
DA:333,2
DA:335,2
DA:336,2
DA:337,2
DA:338,2
DA:340,2
DA:341,2
DA:342,2
DA:343,2
DA:344,2
DA:345,2
DA:346,2
DA:350,2
DA:353,4
DA:359,2
DA:360,2
DA:363,4
DA:375,13
DA:391,13
DA:393,39
DA:394,15
DA:397,12
DA:398,36
DA:399,12
DA:400,12
DA:401,12
DA:402,24
DA:403,12
DA:404,12
DA:410,0
DA:411,0
LF:130
LH:127
end_of_record
SF:lib\common\ssl_pinning.dart
DA:11,1
DA:15,2
DA:16,1
DA:17,2
DA:18,1
DA:19,1
DA:22,1
DA:23,1
DA:26,1
DA:30,1
DA:34,1
DA:35,1
LF:12
LH:12
end_of_record
SF:lib\data\datasources\db\database_helper.dart
DA:10,1
DA:14,2
DA:20,1
DA:21,1
DA:25,1
DA:26,1
DA:27,1
DA:29,1
DA:32,1
DA:33,1
DA:37,1
DA:38,1
DA:48,1
DA:59,0
DA:60,0
DA:61,0
DA:71,0
DA:72,0
DA:78,0
DA:87,0
DA:93,0
DA:94,0
DA:96,0
DA:100,1
DA:101,1
DA:102,2
DA:105,1
DA:106,1
DA:107,1
DA:110,2
DA:114,1
DA:115,1
DA:116,1
DA:119,1
DA:122,1
DA:123,1
DA:129,1
DA:130,1
DA:131,1
DA:134,1
DA:135,1
DA:136,2
DA:139,1
DA:140,1
DA:141,1
DA:144,2
DA:148,1
DA:149,1
DA:150,1
DA:153,1
DA:156,1
DA:157,1
DA:163,1
DA:164,1
DA:165,1
DA:168,1
DA:169,1
DA:170,1
DA:173,1
DA:174,1
DA:175,1
LF:61
LH:51
end_of_record
SF:lib\data\models\movie_table.dart
DA:12,4
DA:20,4
DA:21,2
DA:22,2
DA:23,2
DA:24,2
DA:25,2
DA:28,4
DA:29,2
DA:30,2
DA:31,2
DA:32,2
DA:33,4
DA:36,2
DA:37,1
DA:38,1
DA:39,1
DA:40,1
DA:41,1
DA:44,2
DA:45,1
DA:46,1
DA:47,1
DA:48,1
DA:49,1
DA:52,3
DA:53,18
LF:27
LH:27
end_of_record
SF:lib\data\models\tv_series_table.dart
DA:6,5
DA:20,4
DA:21,2
DA:22,2
DA:23,2
DA:24,2
DA:25,2
DA:28,2
DA:29,1
DA:30,1
DA:31,1
DA:32,1
DA:33,2
DA:36,4
DA:37,2
DA:38,2
DA:39,2
DA:40,2
DA:41,2
DA:44,4
DA:45,2
DA:46,2
DA:47,2
DA:48,2
DA:49,2
DA:52,3
DA:53,18
LF:27
LH:27
end_of_record
SF:lib\domain\entities\genre.dart
DA:4,18
DA:12,4
DA:13,12
LF:3
LH:3
end_of_record
SF:lib\domain\entities\movie.dart
DA:4,7
DA:20,1
DA:49,3
DA:50,3
DA:51,3
DA:52,3
DA:53,3
DA:54,3
DA:55,3
DA:56,3
DA:57,3
DA:58,3
DA:59,3
DA:60,3
DA:61,3
DA:62,3
DA:63,3
LF:17
LH:17
end_of_record
SF:lib\domain\entities\movie_detail.dart
DA:5,9
DA:33,2
DA:34,2
DA:35,2
DA:36,2
DA:37,2
DA:38,2
DA:39,2
DA:40,2
DA:41,2
DA:42,2
DA:43,2
DA:44,2
DA:45,2
DA:46,2
LF:15
LH:15
end_of_record
SF:lib\domain\entities\season.dart
DA:4,11
DA:22,4
DA:23,4
DA:24,4
DA:25,4
DA:26,4
DA:27,4
DA:28,4
DA:29,4
DA:30,4
LF:10
LH:10
end_of_record
SF:lib\domain\entities\tv_series.dart
DA:4,15
DA:20,2
DA:49,4
DA:50,4
DA:51,4
DA:52,4
DA:53,4
DA:54,4
DA:55,4
DA:56,4
DA:57,4
DA:58,4
DA:59,4
DA:60,4
DA:61,4
DA:62,4
DA:63,4
LF:17
LH:17
end_of_record
SF:lib\domain\entities\tv_series_detail.dart
DA:6,10
DA:40,3
DA:41,3
DA:42,3
DA:43,3
DA:44,3
DA:45,3
DA:46,3
DA:47,3
DA:48,3
DA:49,3
DA:50,3
DA:51,3
DA:52,3
DA:53,3
DA:54,3
DA:55,3
DA:56,3
LF:18
LH:18
end_of_record
SF:lib\common\exception.dart
DA:6,4
LF:1
LH:1
end_of_record
SF:lib\data\datasources\movie_local_data_source.dart
DA:15,1
DA:17,1
DA:20,2
DA:23,2
DA:27,1
DA:30,2
DA:33,2
DA:37,1
DA:39,2
DA:41,1
DA:47,1
DA:49,2
DA:50,4
LF:13
LH:13
end_of_record
SF:lib\common\failure.dart
DA:4,3
DA:8,3
DA:9,6
DA:13,3
DA:17,3
DA:21,2
LF:6
LH:6
end_of_record
SF:lib\data\datasources\movie_remote_data_source.dart
DA:24,1
DA:26,1
DA:29,3
DA:31,2
DA:32,4
DA:34,1
DA:38,1
DA:41,4
DA:43,2
DA:44,3
DA:46,1
DA:50,1
DA:52,1
DA:53,3
DA:55,2
DA:56,4
DA:58,1
DA:62,1
DA:65,3
DA:67,2
DA:68,4
DA:70,1
DA:74,1
DA:77,3
DA:79,2
DA:80,4
DA:82,1
DA:86,1
DA:88,1
DA:89,3
DA:91,2
DA:92,4
DA:94,1
LF:33
LH:33
end_of_record
SF:lib\data\datasources\tv_series_local_data_source.dart
DA:13,1
DA:17,1
DA:20,2
DA:23,2
DA:27,1
DA:30,2
DA:33,2
DA:37,1
DA:39,2
DA:41,1
DA:47,1
DA:49,2
DA:50,4
LF:13
LH:13
end_of_record
SF:lib\data\datasources\tv_series_remote_data_source.dart
DA:22,1
DA:26,1
DA:29,3
DA:31,2
DA:32,4
DA:34,1
DA:38,1
DA:40,3
DA:42,2
DA:43,4
DA:45,1
DA:49,1
DA:52,3
DA:54,2
DA:55,4
DA:57,1
DA:61,1
DA:63,4
DA:65,2
DA:66,3
DA:68,1
DA:72,1
DA:74,2
DA:75,2
DA:78,2
DA:79,4
DA:81,1
DA:85,1
DA:87,2
DA:88,2
DA:91,2
DA:92,4
DA:94,1
LF:33
LH:33
end_of_record
SF:lib\data\models\movie_detail_model.dart
DA:6,3
DA:52,1
DA:53,1
DA:54,1
DA:55,1
DA:56,1
DA:57,1
DA:58,4
DA:59,1
DA:60,1
DA:61,1
DA:62,1
DA:63,1
DA:64,1
DA:65,2
DA:66,1
DA:67,1
DA:68,1
DA:69,1
DA:70,1
DA:71,1
DA:72,1
DA:73,1
DA:74,2
DA:75,1
DA:78,2
DA:79,1
DA:80,1
DA:81,1
DA:82,5
DA:83,1
DA:84,1
DA:85,1
DA:86,1
DA:87,1
DA:88,1
DA:89,1
DA:90,1
DA:91,1
DA:92,1
DA:93,1
DA:94,1
DA:95,1
DA:96,1
DA:97,1
DA:98,1
DA:99,1
DA:102,1
DA:103,1
DA:104,1
DA:105,1
DA:106,5
DA:107,1
DA:108,1
DA:109,1
DA:110,1
DA:111,1
DA:112,1
DA:113,1
DA:114,1
DA:115,1
DA:119,1
DA:120,1
DA:121,1
DA:122,1
DA:123,1
DA:124,1
DA:125,1
DA:126,1
DA:127,1
DA:128,1
DA:129,1
DA:130,1
DA:131,1
DA:132,1
DA:133,1
DA:134,1
DA:135,1
DA:136,1
DA:137,1
DA:138,1
DA:139,1
DA:140,1
DA:141,1
LF:84
LH:84
end_of_record
SF:lib\data\models\movie_model.dart
DA:5,4
DA:35,4
DA:36,2
DA:37,2
DA:38,8
DA:39,2
DA:40,2
DA:41,2
DA:42,4
DA:43,2
DA:44,2
DA:45,2
DA:46,2
DA:47,4
DA:48,2
DA:51,2
DA:52,1
DA:53,1
DA:54,4
DA:55,1
DA:56,1
DA:57,1
DA:58,1
DA:59,1
DA:60,1
DA:61,1
DA:62,1
DA:63,1
DA:64,1
DA:67,2
DA:68,2
DA:69,2
DA:70,2
DA:71,2
DA:72,2
DA:73,2
DA:74,2
DA:75,2
DA:76,2
DA:77,2
DA:78,2
DA:79,2
DA:80,2
DA:81,2
DA:85,2
DA:86,2
DA:87,2
DA:88,2
DA:89,2
DA:90,2
DA:91,2
DA:92,2
DA:93,2
DA:94,2
DA:95,2
DA:96,2
DA:97,2
DA:98,2
DA:99,2
LF:59
LH:59
end_of_record
SF:lib\data\models\tv_series_detail_model.dart
DA:7,4
DA:41,2
DA:42,2
DA:43,2
DA:44,2
DA:45,6
DA:46,2
DA:47,2
DA:48,8
DA:49,2
DA:50,2
DA:51,2
DA:52,2
DA:53,2
DA:54,2
DA:55,2
DA:56,4
DA:57,6
DA:58,2
DA:59,4
DA:60,2
DA:63,2
DA:64,1
DA:65,4
DA:66,1
DA:67,5
DA:68,1
DA:69,1
DA:70,1
DA:71,1
DA:72,1
DA:73,1
DA:74,1
DA:75,5
DA:76,1
DA:77,1
DA:78,1
DA:81,2
DA:82,2
DA:83,2
DA:84,2
DA:85,2
DA:86,10
DA:87,2
DA:88,2
DA:89,2
DA:90,2
DA:91,2
DA:92,2
DA:93,2
DA:94,10
DA:95,2
DA:96,2
DA:97,2
DA:101,2
DA:102,2
DA:103,2
DA:104,2
DA:105,2
DA:106,2
DA:107,2
DA:108,2
DA:109,2
DA:110,2
DA:111,2
DA:112,2
DA:113,2
DA:114,2
DA:115,2
DA:116,2
DA:117,2
LF:71
LH:71
end_of_record
SF:lib\data\models\tv_series_model.dart
DA:5,4
DA:35,4
DA:36,2
DA:37,2
DA:39,8
DA:40,2
DA:41,2
DA:42,2
DA:43,6
DA:44,2
DA:45,2
DA:46,2
DA:47,4
DA:48,2
DA:49,4
DA:50,2
DA:53,2
DA:54,1
DA:55,1
DA:56,4
DA:57,1
DA:58,1
DA:59,4
DA:60,1
DA:61,1
DA:62,1
DA:63,1
DA:64,1
DA:65,1
DA:66,1
DA:69,2
DA:70,2
DA:71,2
DA:72,2
DA:73,2
DA:74,2
DA:75,2
DA:76,2
DA:77,2
DA:78,2
DA:79,2
DA:80,2
DA:81,2
DA:82,2
DA:83,2
DA:87,2
DA:88,2
DA:89,2
DA:90,2
DA:91,2
DA:92,2
DA:93,2
DA:94,2
DA:95,2
DA:96,2
DA:97,2
DA:98,2
DA:99,2
DA:100,2
DA:101,2
LF:60
LH:60
end_of_record
SF:lib\data\models\movie_response.dart
DA:7,2
DA:9,4
DA:10,4
DA:11,6
DA:12,6
DA:15,2
DA:16,5
DA:19,1
DA:20,2
LF:9
LH:9
end_of_record
SF:lib\data\models\tv_series_response.dart
DA:5,2
DA:9,2
DA:10,2
DA:11,4
DA:12,6
DA:13,6
DA:16,2
DA:17,5
DA:20,1
DA:21,2
LF:10
LH:10
end_of_record
SF:lib\data\models\genre_model.dart
DA:5,7
DA:13,6
DA:14,3
DA:15,3
DA:18,4
DA:19,2
DA:20,2
DA:23,3
DA:24,9
DA:27,3
DA:28,9
LF:11
LH:11
end_of_record
SF:lib\data\models\season_model.dart
DA:5,6
DA:23,6
DA:24,3
DA:25,3
DA:26,3
DA:27,3
DA:28,3
DA:29,3
DA:30,3
DA:33,4
DA:34,2
DA:35,2
DA:36,2
DA:37,2
DA:38,2
DA:39,2
DA:40,2
DA:43,3
DA:44,3
DA:45,3
DA:46,3
DA:47,3
DA:48,3
DA:49,3
DA:50,3
DA:51,3
DA:55,2
DA:56,2
DA:57,2
DA:58,2
DA:59,2
DA:60,2
DA:61,2
DA:62,2
DA:63,2
LF:35
LH:35
end_of_record
SF:lib\data\repositories\movie_repository_impl.dart
DA:17,1
DA:22,1
DA:25,2
DA:26,5
DA:27,1
DA:28,2
DA:29,1
DA:30,2
DA:34,1
DA:37,2
DA:38,2
DA:39,1
DA:40,2
DA:41,1
DA:42,2
DA:46,1
DA:49,2
DA:50,3
DA:51,1
DA:52,2
DA:53,1
DA:54,2
DA:58,1
DA:61,2
DA:62,5
DA:63,1
DA:64,2
DA:65,1
DA:66,2
DA:70,1
DA:73,2
DA:74,5
DA:75,1
DA:76,2
DA:77,1
DA:78,2
DA:82,1
DA:85,2
DA:86,5
DA:87,1
DA:88,2
DA:89,1
DA:90,2
DA:94,1
DA:98,3
DA:99,1
DA:100,1
DA:101,3
DA:107,1
DA:111,3
DA:112,1
DA:113,1
DA:114,3
DA:118,1
DA:120,2
DA:124,1
DA:126,2
DA:127,5
LF:58
LH:58
end_of_record
SF:lib\data\repositories\tv_series_repository_impl.dart
DA:14,2
DA:22,1
DA:25,2
DA:26,5
DA:27,1
DA:28,2
DA:29,1
DA:30,2
DA:34,2
DA:37,4
DA:38,5
DA:39,2
DA:40,2
DA:41,1
DA:42,2
DA:46,2
DA:49,4
DA:50,5
DA:51,2
DA:52,2
DA:53,1
DA:54,2
DA:58,2
DA:61,4
DA:62,2
DA:63,1
DA:64,2
DA:65,0
DA:66,0
DA:70,2
DA:74,4
DA:75,5
DA:76,1
DA:77,2
DA:78,0
DA:79,0
DA:83,2
DA:86,4
DA:87,5
DA:88,1
DA:89,0
DA:90,1
DA:91,2
DA:95,2
DA:98,4
DA:99,2
DA:101,1
DA:102,1
DA:103,3
DA:107,2
DA:111,4
DA:112,2
DA:114,1
DA:115,1
DA:116,3
DA:120,1
DA:122,2
DA:126,1
DA:128,2
DA:129,5
LF:60
LH:55
end_of_record
SF:lib\domain\usecases\get_movie_detail.dart
DA:9,1
DA:11,1
DA:12,2
LF:3
LH:3
end_of_record
SF:lib\domain\usecases\get_movie_recommendations.dart
DA:9,1
DA:11,1
DA:12,2
LF:3
LH:3
end_of_record
SF:lib\domain\usecases\get_now_playing_movies.dart
DA:9,1
DA:11,1
DA:12,2
LF:3
LH:3
end_of_record
SF:lib\domain\usecases\get_on_the_air_tv_series.dart
DA:7,1
DA:11,1
DA:12,2
LF:3
LH:3
end_of_record
SF:lib\domain\usecases\get_popular_movies.dart
DA:9,1
DA:11,1
DA:12,2
LF:3
LH:3
end_of_record
SF:lib\domain\usecases\get_popular_tv_series.dart
DA:7,1
DA:11,1
DA:12,2
LF:3
LH:3
end_of_record
SF:lib\domain\usecases\get_top_rated_movies.dart
DA:9,1
DA:11,1
DA:12,2
LF:3
LH:3
end_of_record
SF:lib\domain\usecases\get_top_rated_tv_series.dart
DA:7,1
DA:11,1
DA:12,2
LF:3
LH:3
end_of_record
SF:lib\domain\usecases\get_tv_series_detail.dart
DA:7,1
DA:11,1
DA:12,2
LF:3
LH:3
end_of_record
SF:lib\domain\usecases\get_tv_series_recommendations.dart
DA:7,1
DA:11,1
DA:12,2
LF:3
LH:3
end_of_record
SF:lib\domain\usecases\get_watchlist_movies.dart
DA:9,1
DA:11,1
DA:12,2
LF:3
LH:3
end_of_record
SF:lib\domain\usecases\get_watchlist_status.dart
DA:6,1
DA:8,1
DA:9,2
LF:3
LH:3
end_of_record
SF:lib\domain\usecases\get_watchlist_status_tv_series.dart
DA:4,1
DA:8,1
DA:9,2
LF:3
LH:3
end_of_record
SF:lib\domain\usecases\get_watchlist_tv_series.dart
DA:7,1
DA:11,1
DA:12,2
LF:3
LH:3
end_of_record
SF:lib\domain\usecases\remove_watchlist.dart
DA:9,1
DA:11,1
DA:12,2
LF:3
LH:3
end_of_record
SF:lib\domain\usecases\remove_watchlist_tv_series.dart
DA:7,1
DA:11,1
DA:12,2
LF:3
LH:3
end_of_record
SF:lib\domain\usecases\save_watchlist.dart
DA:9,1
DA:11,1
DA:12,2
LF:3
LH:3
end_of_record
SF:lib\domain\usecases\save_watchlist_tv_series.dart
DA:7,1
DA:11,1
DA:12,2
LF:3
LH:3
end_of_record
SF:lib\domain\usecases\search_movies.dart
DA:9,1
DA:11,1
DA:12,2
LF:3
LH:3
end_of_record
SF:lib\domain\usecases\search_tv_series.dart
DA:7,1
DA:11,1
DA:12,2
LF:3
LH:3
end_of_record
SF:lib\presentation\bloc\movie_detail\movie_detail_bloc.dart
DA:16,1
DA:22,1
DA:23,2
DA:24,2
DA:25,2
DA:26,2
DA:35,1
DA:39,3
DA:40,3
DA:42,3
DA:44,1
DA:45,1
DA:46,3
DA:48,1
DA:51,1
DA:52,3
DA:56,1
DA:57,1
DA:58,3
DA:61,1
DA:64,1
DA:65,3
DA:76,1
DA:80,3
DA:81,3
DA:84,1
DA:88,3
DA:89,1
DA:90,2
DA:91,1
DA:93,4
DA:94,3
DA:100,1
DA:104,3
DA:105,1
DA:106,2
DA:107,1
DA:109,4
DA:110,3
LF:39
LH:39
end_of_record
SF:lib\presentation\bloc\movie_detail\movie_detail_event.dart
DA:5,4
DA:7,0
DA:8,0
DA:12,4
DA:16,1
DA:17,2
DA:21,4
DA:25,1
DA:26,2
DA:30,2
DA:34,1
DA:35,2
DA:39,2
DA:43,1
DA:44,2
LF:15
LH:13
end_of_record
SF:lib\presentation\bloc\movie_detail\movie_detail_state.dart
DA:7,4
DA:25,3
DA:34,3
DA:35,3
DA:36,3
DA:37,3
DA:38,3
DA:39,3
DA:40,3
DA:41,1
DA:45,1
DA:46,1
DA:47,1
DA:48,1
DA:49,1
DA:50,1
DA:51,1
DA:52,1
DA:53,1
LF:19
LH:19
end_of_record
SF:lib\presentation\bloc\movie_list\movie_list_bloc.dart
DA:11,1
DA:15,1
DA:16,2
DA:17,2
DA:18,2
DA:25,1
DA:29,3
DA:30,2
DA:31,1
DA:32,4
DA:34,1
DA:36,4
DA:43,1
DA:47,3
DA:48,2
DA:49,1
DA:50,4
DA:52,1
DA:54,4
DA:61,1
DA:65,3
DA:66,2
DA:67,1
DA:68,4
DA:70,1
DA:72,4
LF:26
LH:26
end_of_record
SF:lib\presentation\bloc\movie_list\movie_list_event.dart
DA:4,1
DA:6,1
DA:7,1
DA:11,1
DA:15,1
DA:19,1
LF:6
LH:6
end_of_record
SF:lib\presentation\bloc\movie_list\movie_list_state.dart
DA:6,1
DA:24,1
DA:33,1
DA:34,1
DA:35,1
DA:36,1
DA:37,1
DA:38,1
DA:39,1
DA:40,1
DA:44,1
DA:45,1
DA:46,1
DA:47,1
DA:48,1
DA:49,1
DA:50,1
DA:51,1
DA:52,1
LF:19
LH:19
end_of_record
SF:lib\presentation\bloc\movie_search\movie_search_bloc.dart
DA:9,1
DA:10,1
DA:11,2
DA:12,3
DA:14,3
DA:15,1
DA:16,1
DA:17,3
DA:19,1
DA:22,1
DA:23,3
LF:11
LH:11
end_of_record
SF:lib\presentation\bloc\movie_search\movie_search_event.dart
DA:4,1
DA:6,0
DA:7,0
DA:11,1
DA:15,1
DA:16,2
LF:6
LH:4
end_of_record
SF:lib\presentation\bloc\movie_search\movie_search_state.dart
DA:6,2
DA:16,1
DA:21,1
DA:22,0
DA:23,1
DA:24,1
DA:28,1
DA:29,4
LF:8
LH:7
end_of_record
SF:lib\presentation\bloc\on_the_air_tv_series\on_the_air_tv_series_bloc.dart
DA:10,2
DA:11,2
DA:12,4
DA:13,6
DA:15,4
DA:16,2
DA:17,1
DA:18,3
DA:20,1
DA:23,2
DA:24,6
LF:11
LH:11
end_of_record
SF:lib\presentation\bloc\on_the_air_tv_series\on_the_air_tv_series_event.dart
DA:4,1
DA:6,0
DA:7,0
DA:11,1
LF:4
LH:2
end_of_record
SF:lib\presentation\bloc\on_the_air_tv_series\on_the_air_tv_series_state.dart
DA:6,2
DA:16,2
DA:21,2
DA:22,0
DA:23,2
DA:24,2
DA:28,2
DA:29,8
LF:8
LH:7
end_of_record
SF:lib\presentation\bloc\popular_movies\popular_movies_bloc.dart
DA:9,4
DA:10,4
DA:11,6
DA:13,4
DA:14,2
DA:15,2
DA:16,6
DA:18,2
DA:21,2
DA:22,6
LF:10
LH:10
end_of_record
SF:lib\presentation\bloc\popular_movies\popular_movies_event.dart
DA:4,1
DA:6,0
DA:7,0
DA:11,1
LF:4
LH:2
end_of_record
SF:lib\presentation\bloc\popular_movies\popular_movies_state.dart
DA:6,2
DA:16,2
DA:21,2
DA:22,0
DA:23,2
DA:24,2
DA:28,2
DA:29,8
LF:8
LH:7
end_of_record
SF:lib\presentation\bloc\popular_tv_series\popular_tv_series_bloc.dart
DA:10,2
DA:11,2
DA:12,4
DA:13,6
DA:15,4
DA:16,2
DA:17,1
DA:18,3
DA:20,1
DA:23,2
DA:24,6
LF:11
LH:11
end_of_record
SF:lib\presentation\bloc\popular_tv_series\popular_tv_series_event.dart
DA:4,1
DA:6,0
DA:7,0
DA:11,1
LF:4
LH:2
end_of_record
SF:lib\presentation\bloc\popular_tv_series\popular_tv_series_state.dart
DA:6,2
DA:16,2
DA:21,2
DA:22,0
DA:23,2
DA:24,2
DA:28,2
DA:29,8
LF:8
LH:7
end_of_record
SF:lib\presentation\bloc\top_rated_movies\top_rated_movies_bloc.dart
DA:10,2
DA:11,2
DA:12,4
DA:13,6
DA:15,4
DA:16,2
DA:17,2
DA:18,6
DA:20,2
DA:23,2
DA:24,6
LF:11
LH:11
end_of_record
SF:lib\presentation\bloc\top_rated_movies\top_rated_movies_event.dart
DA:4,1
DA:6,0
DA:7,0
DA:11,1
LF:4
LH:2
end_of_record
SF:lib\presentation\bloc\top_rated_movies\top_rated_movies_state.dart
DA:6,2
DA:16,2
DA:21,2
DA:22,0
DA:23,2
DA:24,2
DA:28,2
DA:29,8
LF:8
LH:7
end_of_record
SF:lib\presentation\bloc\top_rated_tv_series\top_rated_tv_series_bloc.dart
DA:10,2
DA:11,2
DA:12,4
DA:13,6
DA:15,4
DA:16,2
DA:17,1
DA:18,3
DA:20,1
DA:23,2
DA:24,6
LF:11
LH:11
end_of_record
SF:lib\presentation\bloc\top_rated_tv_series\top_rated_tv_series_event.dart
DA:4,1
DA:6,0
DA:7,0
DA:11,1
LF:4
LH:2
end_of_record
SF:lib\presentation\bloc\top_rated_tv_series\top_rated_tv_series_state.dart
DA:6,2
DA:16,2
DA:21,2
DA:22,0
DA:23,2
DA:24,2
DA:28,2
DA:29,8
LF:8
LH:7
end_of_record
SF:lib\presentation\bloc\tv_series_detail\tv_series_detail_bloc.dart
DA:17,1
DA:23,1
DA:24,2
DA:25,2
DA:26,2
DA:27,2
DA:36,1
DA:40,3
DA:41,3
DA:43,3
DA:45,1
DA:46,1
DA:47,3
DA:49,1
DA:52,1
DA:53,3
DA:57,1
DA:58,1
DA:59,3
DA:62,1
DA:65,1
DA:66,3
DA:77,1
DA:81,3
DA:82,3
DA:85,1
DA:89,3
DA:90,1
DA:91,2
DA:92,1
DA:94,4
DA:95,3
DA:101,1
DA:105,3
DA:106,1
DA:107,2
DA:108,1
DA:110,4
DA:111,3
LF:39
LH:39
end_of_record
SF:lib\presentation\bloc\tv_series_detail\tv_series_detail_event.dart
DA:5,4
DA:7,0
DA:8,0
DA:12,4
DA:16,1
DA:17,2
DA:21,4
DA:25,1
DA:26,2
DA:30,2
DA:34,1
DA:35,2
DA:39,2
DA:43,1
DA:44,2
LF:15
LH:13
end_of_record
SF:lib\presentation\bloc\tv_series_detail\tv_series_detail_state.dart
DA:7,4
DA:25,3
DA:34,3
DA:35,3
DA:36,3
DA:38,3
DA:39,3
DA:40,3
DA:41,2
DA:42,1
DA:46,1
DA:47,1
DA:48,1
DA:49,1
DA:50,1
DA:51,1
DA:52,1
DA:53,1
DA:54,1
LF:19
LH:19
end_of_record
SF:lib\presentation\bloc\tv_series_list\tv_series_list_bloc.dart
DA:11,1
DA:15,1
DA:16,2
DA:17,2
DA:18,2
DA:25,1
DA:29,3
DA:30,2
DA:31,1
DA:32,4
DA:34,1
DA:36,4
DA:43,1
DA:47,3
DA:48,2
DA:49,1
DA:50,4
DA:52,1
DA:54,4
DA:61,1
DA:65,3
DA:66,2
DA:67,1
DA:68,4
DA:70,1
DA:72,4
LF:26
LH:26
end_of_record
SF:lib\presentation\bloc\tv_series_list\tv_series_list_event.dart
DA:4,1
DA:6,1
DA:7,1
DA:11,1
DA:15,1
DA:19,1
LF:6
LH:6
end_of_record
SF:lib\presentation\bloc\tv_series_list\tv_series_list_state.dart
DA:6,1
DA:24,1
DA:33,1
DA:34,1
DA:35,1
DA:36,1
DA:37,1
DA:38,1
DA:40,1
DA:41,1
DA:45,1
DA:46,1
DA:47,1
DA:48,1
DA:49,1
DA:50,1
DA:51,1
DA:52,1
DA:53,1
LF:19
LH:19
end_of_record
SF:lib\presentation\bloc\tv_series_search\tv_series_search_bloc.dart
DA:10,1
DA:11,1
DA:12,2
DA:13,3
DA:15,3
DA:16,1
DA:17,1
DA:18,3
DA:20,1
DA:23,1
DA:24,3
LF:11
LH:11
end_of_record
SF:lib\presentation\bloc\tv_series_search\tv_series_search_event.dart
DA:4,1
DA:6,0
DA:7,0
DA:11,1
DA:15,1
DA:16,2
LF:6
LH:4
end_of_record
SF:lib\presentation\bloc\tv_series_search\tv_series_search_state.dart
DA:6,2
DA:16,1
DA:21,1
DA:22,0
DA:23,1
DA:24,1
DA:28,1
DA:29,4
LF:8
LH:7
end_of_record
SF:lib\presentation\bloc\watchlist_movie\watchlist_movie_bloc.dart
DA:10,1
DA:11,1
DA:12,2
DA:13,3
DA:15,2
DA:16,1
DA:17,1
DA:18,3
DA:20,1
DA:23,1
DA:24,3
LF:11
LH:11
end_of_record
SF:lib\presentation\bloc\watchlist_movie\watchlist_movie_event.dart
DA:4,1
DA:6,0
DA:7,0
DA:11,1
LF:4
LH:2
end_of_record
SF:lib\presentation\bloc\watchlist_movie\watchlist_movie_state.dart
DA:6,1
DA:16,1
DA:21,1
DA:22,0
DA:23,1
DA:24,1
DA:28,1
DA:29,4
LF:8
LH:7
end_of_record
SF:lib\presentation\bloc\watchlist_tv_series\watchlist_tv_series_bloc.dart
DA:10,1
DA:11,1
DA:12,2
DA:13,3
DA:15,2
DA:16,1
DA:17,1
DA:18,3
DA:20,1
DA:23,1
DA:24,3
LF:11
LH:11
end_of_record
SF:lib\presentation\bloc\watchlist_tv_series\watchlist_tv_series_event.dart
DA:4,1
DA:6,0
DA:7,0
DA:11,1
LF:4
LH:2
end_of_record
SF:lib\presentation\bloc\watchlist_tv_series\watchlist_tv_series_state.dart
DA:6,1
DA:16,1
DA:21,1
DA:22,0
DA:23,1
DA:24,1
DA:28,1
DA:29,4
LF:8
LH:7
end_of_record
SF:lib\presentation\pages\movie_detail_page.dart
DA:15,3
DA:21,3
DA:22,3
DA:26,3
DA:28,3
DA:29,3
DA:30,4
DA:32,9
DA:33,3
DA:34,6
DA:35,12
DA:36,12
DA:40,3
DA:42,3
DA:43,3
DA:44,2
DA:45,6
DA:46,4
DA:47,2
DA:48,2
DA:49,2
DA:50,2
DA:51,4
DA:52,4
DA:55,1
DA:57,3
DA:61,3
DA:62,6
DA:65,6
DA:66,3
DA:67,3
DA:68,3
DA:69,3
DA:70,3
DA:73,2
DA:81,3
DA:92,3
DA:94,3
DA:95,3
DA:96,3
DA:97,6
DA:99,3
DA:101,3
DA:102,3
DA:103,3
DA:105,3
DA:106,3
DA:107,2
DA:110,3
DA:114,3
DA:115,9
DA:116,12
DA:117,9
DA:118,9
DA:122,15
DA:124,6
DA:126,12
DA:128,6
DA:130,3
DA:131,3
DA:132,6
DA:135,6
DA:136,1
DA:137,1
DA:141,6
DA:142,4
DA:155,1
DA:156,1
DA:157,1
DA:158,1
DA:159,2
DA:161,2
DA:164,3
DA:166,1
DA:167,2
DA:169,2
DA:172,3
DA:176,3
DA:177,12
DA:180,3
DA:181,3
DA:182,3
DA:183,6
DA:184,1
DA:189,3
DA:193,3
DA:195,3
DA:197,3
DA:198,3
DA:199,3
DA:202,3
DA:204,3
DA:205,9
DA:206,3
DA:207,3
DA:208,3
DA:211,3
DA:213,3
DA:222,3
DA:223,3
DA:225,3
DA:226,3
DA:228,3
DA:230,0
DA:235,3
DA:239,3
DA:241,3
DA:242,3
DA:243,6
DA:249,3
DA:250,3
DA:252,3
DA:253,6
DA:256,6
DA:270,3
DA:274,3
DA:276,3
DA:278,3
DA:280,3
DA:281,3
DA:283,3
DA:284,3
DA:285,6
DA:292,2
DA:296,2
DA:298,4
DA:309,1
DA:311,1
DA:313,2
DA:314,0
DA:315,1
DA:316,2
DA:317,1
DA:319,1
DA:320,0
DA:321,0
DA:324,0
DA:327,1
DA:328,1
LF:139
LH:134
end_of_record
SF:lib\presentation\pages\on_the_air_tv_series_page.dart
DA:11,1
DA:15,1
DA:16,1
DA:20,1
DA:22,1
DA:23,3
DA:24,1
DA:25,3
DA:29,1
DA:31,1
DA:32,1
DA:35,1
DA:37,1
DA:38,1
DA:39,2
DA:41,2
DA:42,1
DA:43,1
DA:44,2
DA:45,1
DA:47,2
DA:50,1
DA:52,2
LF:23
LH:23
end_of_record
SF:lib\presentation\widgets\tv_series_card_list.dart
DA:8,4
DA:12,4
DA:14,4
DA:17,4
DA:19,4
DA:21,4
DA:22,1
DA:23,1
DA:26,2
DA:29,4
DA:31,4
DA:32,4
DA:33,4
DA:34,8
DA:39,4
DA:40,4
DA:42,4
DA:43,4
DA:44,8
DA:47,8
DA:50,4
DA:51,8
DA:55,4
DA:56,4
DA:58,4
DA:59,8
DA:60,12
DA:62,8
DA:65,4
LF:29
LH:29
end_of_record
SF:lib\presentation\pages\tv_series_detail_page.dart
DA:16,0
DA:22,3
DA:23,3
DA:27,3
DA:29,3
DA:30,3
DA:31,4
DA:33,9
DA:34,3
DA:35,6
DA:36,12
DA:37,12
DA:41,3
DA:43,3
DA:44,3
DA:45,2
DA:46,6
DA:47,4
DA:48,2
DA:49,2
DA:50,2
DA:51,1
DA:52,2
DA:53,2
DA:56,1
DA:58,3
DA:62,3
DA:63,6
DA:66,6
DA:67,3
DA:68,3
DA:69,3
DA:70,3
DA:71,3
DA:74,2
DA:82,3
DA:93,3
DA:95,3
DA:96,3
DA:97,3
DA:98,6
DA:100,3
DA:102,3
DA:103,3
DA:104,3
DA:106,3
DA:107,3
DA:108,2
DA:111,3
DA:115,3
DA:116,9
DA:117,3
DA:118,9
DA:119,9
DA:120,3
DA:122,15
DA:127,15
DA:129,12
DA:130,3
DA:132,6
DA:134,12
DA:136,6
DA:138,6
DA:139,9
DA:140,3
DA:141,6
DA:142,3
DA:143,3
DA:144,1
DA:145,2
DA:148,2
DA:149,0
DA:150,0
DA:154,2
DA:155,2
DA:168,1
DA:169,1
DA:170,1
DA:171,1
DA:172,2
DA:174,2
DA:177,3
DA:179,1
DA:180,2
DA:182,2
DA:185,3
DA:189,3
DA:190,12
DA:193,3
DA:194,3
DA:195,3
DA:196,3
DA:201,3
DA:205,3
DA:207,3
DA:209,3
DA:210,3
DA:211,3
DA:214,3
DA:216,3
DA:217,9
DA:218,3
DA:219,3
DA:220,3
DA:223,3
DA:225,3
DA:234,3
DA:235,3
DA:237,3
DA:238,3
DA:240,3
DA:242,0
DA:247,3
DA:251,3
DA:253,3
DA:254,3
DA:255,6
DA:261,3
DA:262,3
DA:264,3
DA:265,6
DA:268,6
DA:282,3
DA:286,3
DA:288,3
DA:290,3
DA:292,3
DA:293,3
DA:295,3
DA:296,3
DA:297,6
DA:304,3
DA:308,3
DA:310,3
DA:314,3
DA:316,3
DA:317,3
DA:319,3
DA:321,3
DA:322,15
DA:324,15
DA:325,15
DA:326,9
DA:327,15
DA:328,12
DA:330,3
DA:331,6
DA:334,3
DA:344,1
DA:348,1
DA:350,2
DA:361,1
DA:363,1
DA:365,2
DA:366,0
DA:367,1
DA:368,2
DA:369,1
DA:371,1
DA:372,0
DA:373,0
DA:376,0
DA:379,1
DA:380,1
LF:164
LH:156
end_of_record
SF:lib\presentation\pages\popular_movies_page.dart
DA:13,1
DA:14,1
DA:18,1
DA:20,1
DA:21,3
DA:22,1
DA:23,3
DA:27,1
DA:29,1
DA:30,1
DA:31,1
DA:33,1
DA:35,1
DA:36,1
DA:37,2
DA:39,2
DA:40,1
DA:41,0
DA:42,0
DA:43,0
DA:45,2
DA:48,1
DA:49,1
DA:50,2
LF:24
LH:21
end_of_record
SF:lib\presentation\widgets\movie_card_list.dart
DA:8,1
DA:12,1
DA:14,1
DA:17,1
DA:19,1
DA:21,1
DA:22,1
DA:23,1
DA:26,2
DA:29,1
DA:31,1
DA:32,1
DA:33,1
DA:34,2
DA:39,1
DA:40,1
DA:42,1
DA:43,1
DA:44,2
DA:47,2
DA:50,3
DA:52,1
DA:53,1
DA:55,1
DA:56,5
DA:58,2
DA:61,1
LF:27
LH:27
end_of_record
SF:lib\presentation\pages\popular_tv_series_page.dart
DA:11,1
DA:15,1
DA:16,1
DA:20,1
DA:22,1
DA:23,3
DA:24,1
DA:25,3
DA:29,1
DA:31,1
DA:32,1
DA:35,1
DA:37,1
DA:38,1
DA:39,2
DA:41,2
DA:42,1
DA:43,1
DA:44,2
DA:45,1
DA:47,2
DA:50,1
DA:52,2
LF:23
LH:23
end_of_record
SF:lib\presentation\pages\top_rated_movies_page.dart
DA:13,1
DA:14,1
DA:18,1
DA:20,1
DA:21,3
DA:22,1
DA:23,3
DA:27,1
DA:29,1
DA:30,1
DA:31,1
DA:33,1
DA:35,1
DA:36,1
DA:37,2
DA:39,2
DA:40,1
DA:41,0
DA:42,0
DA:43,0
DA:45,2
DA:48,1
DA:49,1
DA:50,2
LF:24
LH:21
end_of_record
SF:lib\presentation\pages\search_page.dart
DA:17,1
DA:23,1
DA:25,1
DA:27,1
DA:28,1
DA:29,1
DA:30,1
DA:31,1
DA:33,1
DA:35,1
DA:36,2
DA:37,2
DA:47,1
DA:60,1
DA:62,1
DA:63,1
DA:81,1
DA:83,1
DA:85,1
DA:87,1
DA:88,1
DA:89,0
DA:90,0
DA:91,0
DA:96,0
DA:97,0
DA:107,2
DA:109,1
DA:110,1
DA:111,1
DA:112,2
DA:115,2
DA:116,1
DA:117,1
DA:124,1
DA:132,1
DA:133,1
DA:134,1
DA:135,1
DA:136,1
DA:137,1
DA:138,0
DA:139,0
DA:142,0
DA:147,1
DA:150,2
DA:151,2
DA:167,1
DA:169,1
DA:171,1
DA:173,1
DA:174,1
DA:175,0
DA:176,0
DA:177,0
DA:182,0
DA:183,0
DA:193,2
DA:195,1
DA:196,1
DA:197,1
DA:198,2
DA:201,2
DA:202,1
DA:203,1
DA:210,1
DA:218,1
DA:219,1
DA:220,1
DA:221,1
DA:222,1
DA:223,1
DA:224,0
DA:225,0
DA:228,0
DA:233,1
DA:236,2
DA:237,2
LF:78
LH:62
end_of_record
SF:lib\presentation\pages\top_rated_tv_series_page.dart
DA:11,1
DA:15,1
DA:16,1
DA:20,1
DA:22,1
DA:23,3
DA:24,1
DA:25,3
DA:29,1
DA:31,1
DA:32,1
DA:35,1
DA:37,1
DA:38,1
DA:39,2
DA:41,2
DA:42,1
DA:43,1
DA:44,2
DA:45,1
DA:47,2
DA:50,1
DA:52,2
LF:23
LH:23
end_of_record
